<?xml version="1.0" encoding="UTF-8"?>
<!-- Generated by org.testng.reporters.JUnitReportReporter -->
<testsuite hostname="LAPTOP-EUFDKL2D" failures="0" tests="1" name="Validate.TestCase.layer.validateSetEcommerce" time="44.069" errors="0" timestamp="2022-09-10T12:23:20 IST" skipped="0">
  <testcase classname="Validate.TestCase.layer.validateSetEcommerce" name="tc001_Set_Ecommerce" time="44.069"/>
  <system-out/>
</testsuite> <!-- Validate.TestCase.layer.validateSetEcommerce -->
